Using pre-set license
Built from '2020.3/staging' branch; Version is '2020.3.25f1 (9b9180224418) revision 10195328'; Using compiler version '192528614'; Build Type 'Release'
OS: 'Windows 10  (10.0.18363) 64bit Professional' Language: 'zh' Physical Memory: 16319 MB
BatchMode: 1, IsHumanControllingUs: 0, StartBugReporterOnCrash: 0, Is64bit: 1, IsPro: 0

COMMAND LINE ARGUMENTS:
C:\Program Files\Unity\Hub\Editor\2020.3.25f1\Editor\Unity.exe
-adb2
-batchMode
-noUpm
-name
AssetImportWorker0
-projectPath
C:/Users/Appedu/Desktop/Clone/Unity_TS_2DRunning_20211218/2DRunning
-logFile
Logs/AssetImportWorker0.log
-srvPort
52516
Successfully changed project path to: C:/Users/Appedu/Desktop/Clone/Unity_TS_2DRunning_20211218/2DRunning
C:/Users/Appedu/Desktop/Clone/Unity_TS_2DRunning_20211218/2DRunning
Using Asset Import Pipeline V2.
Refreshing native plugins compatible for Editor in 62.68 ms, found 3 plugins.
Preloading 0 native plugins for Editor in 0.00 ms.
Initialize engine version: 2020.3.25f1 (9b9180224418)
[Subsystems] Discovering subsystems at path C:/Program Files/Unity/Hub/Editor/2020.3.25f1/Editor/Data/Resources/UnitySubsystems
[Subsystems] Discovering subsystems at path C:/Users/Appedu/Desktop/Clone/Unity_TS_2DRunning_20211218/2DRunning/Assets
GfxDevice: creating device client; threaded=0
Direct3D:
    Version:  Direct3D 11.0 [level 11.1]
    Renderer: NVIDIA Quadro P620 (ID=0x1cb6)
    Vendor:   
    VRAM:     1977 MB
    Driver:   30.0.14.7247
Initialize mono
Mono path[0] = 'C:/Program Files/Unity/Hub/Editor/2020.3.25f1/Editor/Data/Managed'
Mono path[1] = 'C:/Program Files/Unity/Hub/Editor/2020.3.25f1/Editor/Data/MonoBleedingEdge/lib/mono/unityjit'
Mono config path = 'C:/Program Files/Unity/Hub/Editor/2020.3.25f1/Editor/Data/MonoBleedingEdge/etc'
Using monoOptions --debugger-agent=transport=dt_socket,embedding=1,server=y,suspend=n,address=127.0.0.1:56012
Begin MonoManager ReloadAssembly
Registering precompiled unity dll's ...
Register platform support module: C:/Program Files/Unity/Hub/Editor/2020.3.25f1/Editor/Data/PlaybackEngines/WebGLSupport/UnityEditor.WebGL.Extensions.dll
Register platform support module: C:/Program Files/Unity/Hub/Editor/2020.3.25f1/Editor/Data/PlaybackEngines/WindowsStandaloneSupport/UnityEditor.WindowsStandalone.Extensions.dll
Registered in 0.001805 seconds.
Native extension for WindowsStandalone target not found
Native extension for WebGL target not found
Refreshing native plugins compatible for Editor in 55.85 ms, found 3 plugins.
Preloading 0 native plugins for Editor in 0.00 ms.
Mono: successfully reloaded assembly
- Completed reload, in  0.629 seconds
Domain Reload Profiling:
	ReloadAssembly (630ms)
		BeginReloadAssembly (58ms)
			ExecutionOrderSort (0ms)
			DisableScriptedObjects (0ms)
			BackupInstance (0ms)
			ReleaseScriptingObjects (0ms)
			CreateAndSetChildDomain (1ms)
		EndReloadAssembly (494ms)
			LoadAssemblies (56ms)
			RebuildTransferFunctionScriptingTraits (0ms)
			SetupTypeCache (164ms)
			ReleaseScriptCaches (0ms)
			RebuildScriptCaches (31ms)
			SetupLoadedEditorAssemblies (191ms)
				LogAssemblyErrors (0ms)
				InitializePlatformSupportModulesInManaged (5ms)
				SetLoadedEditorAssemblies (0ms)
				RefreshPlugins (56ms)
				BeforeProcessingInitializeOnLoad (18ms)
				ProcessInitializeOnLoadAttributes (83ms)
				ProcessInitializeOnLoadMethodAttributes (29ms)
				AfterProcessingInitializeOnLoad (0ms)
				EditorAssembliesLoaded (0ms)
			ExecutionOrderSort2 (0ms)
			AwakeInstancesAfterBackupRestoration (0ms)
Platform modules already initialized, skipping
Registering precompiled user dll's ...
Registered in 0.005877 seconds.
Begin MonoManager ReloadAssembly
Native extension for WindowsStandalone target not found
Native extension for WebGL target not found
Refreshing native plugins compatible for Editor in 49.14 ms, found 3 plugins.
Preloading 0 native plugins for Editor in 0.00 ms.
Mono: successfully reloaded assembly
- Completed reload, in  1.117 seconds
Domain Reload Profiling:
	ReloadAssembly (1118ms)
		BeginReloadAssembly (136ms)
			ExecutionOrderSort (0ms)
			DisableScriptedObjects (5ms)
			BackupInstance (0ms)
			ReleaseScriptingObjects (0ms)
			CreateAndSetChildDomain (19ms)
		EndReloadAssembly (922ms)
			LoadAssemblies (98ms)
			RebuildTransferFunctionScriptingTraits (0ms)
			SetupTypeCache (321ms)
			ReleaseScriptCaches (0ms)
			RebuildScriptCaches (46ms)
			SetupLoadedEditorAssemblies (332ms)
				LogAssemblyErrors (0ms)
				InitializePlatformSupportModulesInManaged (4ms)
				SetLoadedEditorAssemblies (0ms)
				RefreshPlugins (49ms)
				BeforeProcessingInitializeOnLoad (78ms)
				ProcessInitializeOnLoadAttributes (181ms)
				ProcessInitializeOnLoadMethodAttributes (15ms)
				AfterProcessingInitializeOnLoad (4ms)
				EditorAssembliesLoaded (0ms)
			ExecutionOrderSort2 (0ms)
			AwakeInstancesAfterBackupRestoration (6ms)
Platform modules already initialized, skipping
========================================================================
Worker process is ready to serve import requests
Launched and connected shader compiler UnityShaderCompiler.exe after 0.05 seconds
Refreshing native plugins compatible for Editor in 0.56 ms, found 3 plugins.
Preloading 0 native plugins for Editor in 0.00 ms.
Unloading 2246 Unused Serialized files (Serialized files now loaded: 0)
System memory in use before: 99.0 MB.
System memory in use after: 99.1 MB.

Unloading 29 unused Assets to reduce memory usage. Loaded Objects now: 2680.
Total: 4.178600 ms (FindLiveObjects: 0.243700 ms CreateObjectMapping: 0.221500 ms MarkObjects: 3.577900 ms  DeleteObjects: 0.134900 ms)

AssetImportParameters requested are different than current active one (requested -> active):
  custom:framework-win-MediaFoundation: 216162199b28c13a410421893ffa2e32 -> 
  custom:video-decoder-ogg-theora: a1e56fd34408186e4bbccfd4996cb3dc -> 
  custom:container-muxer-webm: aa71ff27fc2769a1b78a27578f13a17b -> 
  custom:container-demuxer-webm: 4f35f7cbe854078d1ac9338744f61a02 -> 
  custom:container-demuxer-ogg: 62fdf1f143b41e24485cea50d1cbac27 -> 
  custom:video-encoder-webm-vp8: eb34c28f22e8b96e1ab97ce403110664 -> 
  custom:video-decoder-webm-vp8: 9c59270c3fd7afecdb556c50c9e8de78 -> 
  custom:audio-decoder-ogg-vorbis: bf7c407c2cedff20999df2af8eb42d56 -> 
  custom:audio-encoder-webm-vorbis: bf7c407c2cedff20999df2af8eb42d56 -> 
========================================================================
Received Import Request.
  path: Assets/Level1.unity
  artifactKey: Guid(107393f79fdd220408da6c98b7fa3572) Importer(815301076,1909f56bfc062723c751e8b465ee728b)
Start importing Assets/Level1.unity using Guid(107393f79fdd220408da6c98b7fa3572) Importer(815301076,1909f56bfc062723c751e8b465ee728b)  -> (artifact id: 'bd878b436c5f0fba3140b0e2ed27f9ab') in 0.014323 seconds 
  Import took 0.018009 seconds .

========================================================================
Received Import Request.
  Time since last request: 1394.723917 seconds.
  path: Assets/Free2D_BG/Tiles/18.png
  artifactKey: Guid(9da5ee01f7b1f3240a8d372a348a2c17) Importer(815301076,1909f56bfc062723c751e8b465ee728b)
Start importing Assets/Free2D_BG/Tiles/18.png using Guid(9da5ee01f7b1f3240a8d372a348a2c17) Importer(815301076,1909f56bfc062723c751e8b465ee728b)  -> (artifact id: '7fd892d890ef0f61f836a53d245d5935') in 0.129921 seconds 
  Import took 0.133765 seconds .

========================================================================
Received Import Request.
  Time since last request: 7.819750 seconds.
  path: Assets/Free2D_BG/Tiles/18.png
  artifactKey: Guid(9da5ee01f7b1f3240a8d372a348a2c17) Importer(815301076,1909f56bfc062723c751e8b465ee728b)
Start importing Assets/Free2D_BG/Tiles/18.png using Guid(9da5ee01f7b1f3240a8d372a348a2c17) Importer(815301076,1909f56bfc062723c751e8b465ee728b)  -> (artifact id: '9e1ac5911c662de7900fd4c3c3a37a60') in 0.010856 seconds 
  Import took 0.014346 seconds .

========================================================================
Received Import Request.
  Time since last request: 308.749294 seconds.
  path: Assets/Free2D_BG/Tiles/17.png
  artifactKey: Guid(8ee1528904aa15641a8eb41e1747b492) Importer(815301076,1909f56bfc062723c751e8b465ee728b)
Start importing Assets/Free2D_BG/Tiles/17.png using Guid(8ee1528904aa15641a8eb41e1747b492) Importer(815301076,1909f56bfc062723c751e8b465ee728b)  -> (artifact id: '760a97c5e7e156416ac958cf8567b602') in 0.014549 seconds 
  Import took 0.018580 seconds .

========================================================================
Received Import Request.
  Time since last request: 62.129524 seconds.
  path: Assets/Free2D_BG/Tiles/11.png
  artifactKey: Guid(b342a5d65b8019d4cb47a8affc9f734d) Importer(815301076,1909f56bfc062723c751e8b465ee728b)
Start importing Assets/Free2D_BG/Tiles/11.png using Guid(b342a5d65b8019d4cb47a8affc9f734d) Importer(815301076,1909f56bfc062723c751e8b465ee728b)  -> (artifact id: 'fba0fbd9172df51acf602eb7db8e3fcd') in 0.015446 seconds 
  Import took 0.018885 seconds .

========================================================================
Received Import Request.
  Time since last request: 174.465336 seconds.
  path: Assets/Free2D_BG/Object/Tree_3.png
  artifactKey: Guid(dbde6a5939433134c8f4ddbf9bff02b8) Importer(815301076,1909f56bfc062723c751e8b465ee728b)
Start importing Assets/Free2D_BG/Object/Tree_3.png using Guid(dbde6a5939433134c8f4ddbf9bff02b8) Importer(815301076,1909f56bfc062723c751e8b465ee728b)  -> (artifact id: '15ae29c8b4b01ff2bc1bc85d90f5d3ed') in 0.021885 seconds 
  Import took 0.025619 seconds .

========================================================================
Received Import Request.
  Time since last request: 4.436972 seconds.
  path: Assets/Free2D_BG/Object/Tree_2.png
  artifactKey: Guid(2e417e6f3666c9d4ba69b3ec03413800) Importer(815301076,1909f56bfc062723c751e8b465ee728b)
Start importing Assets/Free2D_BG/Object/Tree_2.png using Guid(2e417e6f3666c9d4ba69b3ec03413800) Importer(815301076,1909f56bfc062723c751e8b465ee728b)  -> (artifact id: '158f4831865fa914346d39ba28b57e21') in 0.014194 seconds 
  Import took 0.018006 seconds .

========================================================================
Received Import Request.
  Time since last request: 1569.965984 seconds.
  path: Assets
  artifactKey: Guid(00000000000000001000000000000000) Importer(815301076,1909f56bfc062723c751e8b465ee728b)
Start importing Assets using Guid(00000000000000001000000000000000) Importer(815301076,1909f56bfc062723c751e8b465ee728b)  -> (artifact id: '42d402b061de3733987d63b9cc3b64de') in 0.003070 seconds 
  Import took 0.008100 seconds .

========================================================================
Received Import Request.
  Time since last request: 1.484810 seconds.
  path: Assets/AssetStore
  artifactKey: Guid(0bed5482a2cf05c478edce81a32f4f84) Importer(815301076,1909f56bfc062723c751e8b465ee728b)
Start importing Assets/AssetStore using Guid(0bed5482a2cf05c478edce81a32f4f84) Importer(815301076,1909f56bfc062723c751e8b465ee728b)  -> (artifact id: '9b96e9b953829e1ef86eec75e037b278') in 0.002809 seconds 
  Import took 0.007379 seconds .

========================================================================
Received Import Request.
  Time since last request: 3.734595 seconds.
  path: Assets/DOT.png
  artifactKey: Guid(ec09a609eee03814eb529897e8d0ba57) Importer(815301076,1909f56bfc062723c751e8b465ee728b)
Start importing Assets/DOT.png using Guid(ec09a609eee03814eb529897e8d0ba57) Importer(815301076,1909f56bfc062723c751e8b465ee728b)  -> (artifact id: '62990ea4c796d560b3ec424c3ae4dbb6') in 0.029393 seconds 
  Import took 0.032890 seconds .

========================================================================
Received Prepare
Registering precompiled user dll's ...
Registered in 0.006465 seconds.
Begin MonoManager ReloadAssembly
Native extension for WindowsStandalone target not found
Native extension for WebGL target not found
Refreshing native plugins compatible for Editor in 0.65 ms, found 3 plugins.
Preloading 0 native plugins for Editor in 0.00 ms.
Mono: successfully reloaded assembly
- Completed reload, in  1.137 seconds
Domain Reload Profiling:
	ReloadAssembly (1137ms)
		BeginReloadAssembly (123ms)
			ExecutionOrderSort (0ms)
			DisableScriptedObjects (6ms)
			BackupInstance (0ms)
			ReleaseScriptingObjects (0ms)
			CreateAndSetChildDomain (41ms)
		EndReloadAssembly (950ms)
			LoadAssemblies (104ms)
			RebuildTransferFunctionScriptingTraits (0ms)
			SetupTypeCache (393ms)
			ReleaseScriptCaches (1ms)
			RebuildScriptCaches (45ms)
			SetupLoadedEditorAssemblies (304ms)
				LogAssemblyErrors (0ms)
				InitializePlatformSupportModulesInManaged (5ms)
				SetLoadedEditorAssemblies (1ms)
				RefreshPlugins (1ms)
				BeforeProcessingInitializeOnLoad (93ms)
				ProcessInitializeOnLoadAttributes (189ms)
				ProcessInitializeOnLoadMethodAttributes (10ms)
				AfterProcessingInitializeOnLoad (5ms)
				EditorAssembliesLoaded (0ms)
			ExecutionOrderSort2 (0ms)
			AwakeInstancesAfterBackupRestoration (8ms)
Platform modules already initialized, skipping
Refreshing native plugins compatible for Editor in 0.53 ms, found 3 plugins.
Preloading 0 native plugins for Editor in 0.00 ms.
Unloading 2222 Unused Serialized files (Serialized files now loaded: 0)
System memory in use before: 100.1 MB.
System memory in use after: 100.3 MB.

Unloading 18 unused Assets to reduce memory usage. Loaded Objects now: 2694.
Total: 2.782300 ms (FindLiveObjects: 0.155400 ms CreateObjectMapping: 0.080900 ms MarkObjects: 2.529800 ms  DeleteObjects: 0.015600 ms)

AssetImportParameters requested are different than current active one (requested -> active):
  custom:framework-win-MediaFoundation: 216162199b28c13a410421893ffa2e32 -> 
  custom:video-decoder-ogg-theora: a1e56fd34408186e4bbccfd4996cb3dc -> 
  custom:container-muxer-webm: aa71ff27fc2769a1b78a27578f13a17b -> 
  custom:container-demuxer-webm: 4f35f7cbe854078d1ac9338744f61a02 -> 
  custom:container-demuxer-ogg: 62fdf1f143b41e24485cea50d1cbac27 -> 
  custom:video-encoder-webm-vp8: eb34c28f22e8b96e1ab97ce403110664 -> 
  custom:video-decoder-webm-vp8: 9c59270c3fd7afecdb556c50c9e8de78 -> 
  custom:audio-decoder-ogg-vorbis: bf7c407c2cedff20999df2af8eb42d56 -> 
  custom:audio-encoder-webm-vorbis: bf7c407c2cedff20999df2af8eb42d56 -> 
========================================================================
Received Import Request.
  Time since last request: 1417.778297 seconds.
  path: Assets/SnowMaterial.mat
  artifactKey: Guid(06541e7c6309a864ea5510cd665d355e) Importer(815301076,1909f56bfc062723c751e8b465ee728b)
Start importing Assets/SnowMaterial.mat using Guid(06541e7c6309a864ea5510cd665d355e) Importer(815301076,1909f56bfc062723c751e8b465ee728b)  -> (artifact id: 'a11543696e100de8f372ac854b58631c') in 0.085987 seconds 
  Import took 0.089850 seconds .

========================================================================
Received Import Request.
  Time since last request: 160.313819 seconds.
  path: Assets/SnowMaterial.mat
  artifactKey: Guid(06541e7c6309a864ea5510cd665d355e) Importer(815301076,1909f56bfc062723c751e8b465ee728b)
Start importing Assets/SnowMaterial.mat using Guid(06541e7c6309a864ea5510cd665d355e) Importer(815301076,1909f56bfc062723c751e8b465ee728b)  -> (artifact id: 'dc00ebf0fe92c21e01ecb8979debcccb') in 0.011109 seconds 
  Import took 0.015798 seconds .

========================================================================
Received Import Request.
  Time since last request: 1948.759219 seconds.
  path: Assets/SnowMaterial.mat
  artifactKey: Guid(06541e7c6309a864ea5510cd665d355e) Importer(815301076,1909f56bfc062723c751e8b465ee728b)
Start importing Assets/SnowMaterial.mat using Guid(06541e7c6309a864ea5510cd665d355e) Importer(815301076,1909f56bfc062723c751e8b465ee728b)  -> (artifact id: '975bd9af7de079ee560a4670b2639248') in 0.021405 seconds 
  Import took 0.026077 seconds .

AssetImportWorkerClient::OnTransportError - code=2 error=End of file
